<?xml version="1.0" encoding="UTF-8"?>
<!-- Generated by org.testng.reporters.JUnitReportReporter -->
<testsuite hostname="LENOVO" failures="0" tests="1" name="selenium_Commands.LocatorsAndCommands" time="8.509" errors="0" timestamp="2023-06-06T20:14:33 IST" skipped="0">
  <testcase classname="selenium_Commands.LocatorsAndCommands" name="TC_034_verifyTable2" time="8.509"/>
  <system-out/>
</testsuite> <!-- selenium_Commands.LocatorsAndCommands -->
